<!-- =================================================================================
     This script tests the distribution file. It unzips the distro to a temporary
     location and runs the quickstarts.
 -->
<project basedir="../../.." default="testDistro" name="build-sample">

    <!-- ===========================================================  -->
    <!-- Setup environment
    -->
    <target name="init">
        <xmlproperty file="${basedir}/pom.xml"/>
        
        <property environment="env"/>
        <!-- MULE location -->
        <property name="mule.home" value="${env.MULE_HOME}" />
        <!-- Temporary location  -->
        <property name="test.dir" value="${basedir}/target/test-distro" />
        <!-- Source XML schema location  -->
        <property name="xsd.dir" value="schema" />
        <!-- Distribution name  -->
        <property name="dist.name" value="legstar-mule-${project.version}" />
        <!-- Distribution zip file  -->
        <property name="dist.zip" value="${dist.name}.zip" />
        <!-- Distribution file location   -->
        <property name="dist.dir" value="${basedir}/target" />
        <!-- Distribution zip file   -->
        <property name="zip.file" value="${dist.dir}/${dist.zip}" />
        <!-- Whether to fork the java compiler or not   -->
        <property name="javac.fork" value="yes" />
        <!-- Distribution samples origin location   -->
        <property name="sample1.dir" value="${test.dir}/${dist.name}/samples/mule/quickstarts/legstar_adapter" />
        <property name="sample2.dir" value="${test.dir}/${dist.name}/samples/mule/quickstarts/legstar_proxy" />
        <property name="sample3.dir" value="${test.dir}/${dist.name}/samples/mule/quickstarts/chttprt" />
        <property name="sample4.dir" value="${test.dir}/${dist.name}/samples/mule/quickstarts/cmqrt" />
        <property name="sample5.dir" value="${test.dir}/${dist.name}/samples/mule/quickstarts/csokrt" />
    
    </target>

    <!-- ===========================================================  -->
    <!-- Install the samples in JBoss ESB
    -->
    <target name="installSamples" depends="init">
        <unzip src="${zip.file}" dest="${test.dir}"/>

    </target>
    
    <!-- ===========================================================  -->
    <!-- Build the samples
    -->
    <target name="buildSamples" depends="installSamples">
        
        <!-- Work around because we need to set LEGSTAR_HOME to
             point to the new intall location.
             Beware: this is os specific -->    
        <exec executable="cmd" failonerror="true">
            <env key="LEGSTAR_HOME" value="${test.dir}/${dist.name}"/>
            <arg value="/c"/>
            <arg value="ant"/>
            <arg value="-f"/>
            <arg value="${sample1.dir}/build.xml"/>
            <arg value="generate"/>
        </exec>
        <exec executable="cmd" failonerror="true">
            <env key="LEGSTAR_HOME" value="${test.dir}/${dist.name}"/>
            <arg value="/c"/>
            <arg value="ant"/>
            <arg value="-f"/>
            <arg value="${sample2.dir}/build.xml"/>
            <arg value="generate"/>
        </exec>

    </target>
  
    <!-- ===========================================================  -->
    <!-- Run the samples. The transport samples need the LEGSTAR-HOME
         environment variable to be set.
    -->
    <target name="runSamples" depends="buildSamples">
        
        <exec executable="cmd" failonerror="true">
            <env key="LEGSTAR_HOME" value="${test.dir}/${dist.name}"/>
            <arg value="/c"/>
            <arg value="ant"/>
            <arg value="-f"/>
            <arg value="${sample1.dir}/build.xml"/>
            <arg value="runtest"/>
        </exec>
        <exec executable="cmd" failonerror="true">
            <env key="LEGSTAR_HOME" value="${test.dir}/${dist.name}"/>
            <arg value="/c"/>
            <arg value="ant"/>
            <arg value="-f"/>
            <arg value="${sample2.dir}/build.xml"/>
            <arg value="runtest"/>
        </exec>
        <exec executable="cmd" failonerror="true">
            <env key="LEGSTAR_HOME" value="${test.dir}/${dist.name}"/>
            <arg value="/c"/>
            <arg value="ant"/>
            <arg value="-f"/>
            <arg value="${sample3.dir}/build.xml"/>
            <arg value="runtest"/>
        </exec>
        <exec executable="cmd" failonerror="true">
            <env key="LEGSTAR_HOME" value="${test.dir}/${dist.name}"/>
            <arg value="/c"/>
            <arg value="ant"/>
            <arg value="-f"/>
            <arg value="${sample4.dir}/build.xml"/>
            <arg value="runtest"/>
        </exec>
        <exec executable="cmd" failonerror="true">
            <env key="LEGSTAR_HOME" value="${test.dir}/${dist.name}"/>
            <arg value="/c"/>
            <arg value="ant"/>
            <arg value="-f"/>
            <arg value="${sample5.dir}/build.xml"/>
            <arg value="runtest"/>
        </exec>

    </target>

    <!-- ===========================================================  -->
    <!-- Remove the samples.
    -->
    <target name="testDistro" depends="runSamples">

    </target>

</project>
